<?xml version="1.0" encoding="UTF-8"?>
<testng-results skipped="0" failed="0" ignored="0" total="1" passed="1">
  <reporter-output>
  </reporter-output>
  <suite name="Default suite" duration-ms="60" started-at="2019-11-15T23:16:44Z" finished-at="2019-11-15T23:16:44Z">
    <groups>
    </groups>
    <test name="Default test" duration-ms="60" started-at="2019-11-15T23:16:44Z" finished-at="2019-11-15T23:16:44Z">
      <class name="SeleniumSession.FirstTestNgTest">
        <test-method status="PASS" signature="aTest()[pri:0, instance:SeleniumSession.FirstTestNgTest@12f41634]" name="aTest" duration-ms="13" started-at="2019-11-15T23:16:44Z" finished-at="2019-11-15T23:16:44Z">
          <reporter-output>
          </reporter-output>
        </test-method> <!-- aTest -->
      </class> <!-- SeleniumSession.FirstTestNgTest -->
    </test> <!-- Default test -->
  </suite> <!-- Default suite -->
</testng-results>
